app/build/intermediates/manifest_merge_blame_file/debug/processDebugMainManifest/manifest-merger-blame-debug-report.txt
1<?xml version="1.0" encoding="utf-8"?>
2<manifest xmlns:android="http://schemas.android.com/apk/res/android"
3    package="com.decovision.app"
4    android:versionCode="1"
5    android:versionName="1.0" >
6
7    <uses-sdk
8        android:minSdkVersion="26"
9        android:targetSdkVersion="35" />
10
11    <uses-permission android:name="android.permission.CAMERA" />
11-->src\main\AndroidManifest.xml:4:5-65
11-->src\main\AndroidManifest.xml:4:22-62
12    <uses-permission
12-->src\main\AndroidManifest.xml:5:5-7:38
13        android:name="android.permission.READ_EXTERNAL_STORAGE"
13-->src\main\AndroidManifest.xml:6:9-64
14        android:maxSdkVersion="32" />
14-->src\main\AndroidManifest.xml:7:9-35
15    <uses-permission android:name="android.permission.READ_MEDIA_IMAGES" />
15-->src\main\AndroidManifest.xml:8:5-76
15-->src\main\AndroidManifest.xml:8:22-73
16    <uses-permission
16-->src\main\AndroidManifest.xml:9:5-11:38
17        android:name="android.permission.WRITE_EXTERNAL_STORAGE"
17-->src\main\AndroidManifest.xml:10:9-65
18        android:maxSdkVersion="28" />
18-->src\main\AndroidManifest.xml:11:9-35
19    <uses-permission android:name="android.permission.INTERNET" />
19-->src\main\AndroidManifest.xml:12:5-67
19-->src\main\AndroidManifest.xml:12:22-64
20
21    <uses-feature
21-->src\main\AndroidManifest.xml:14:5-16:36
22        android:name="android.hardware.camera.ar"
22-->src\main\AndroidManifest.xml:15:9-50
23        android:required="false" />
23-->src\main\AndroidManifest.xml:16:9-33
24    <uses-feature
24-->src\main\AndroidManifest.xml:17:5-19:35
25        android:name="android.hardware.camera"
25-->src\main\AndroidManifest.xml:18:9-47
26        android:required="true" />
26-->src\main\AndroidManifest.xml:19:9-32
27
28    <!-- SceneView requires OpenGLES 3.0 or later for 3D rendering. -->
29    <uses-feature
29-->[io.github.sceneview:sceneview:2.2.1] AndroidManifest.xml:11:5-13:35
30        android:glEsVersion="0x00030000"
30-->[io.github.sceneview:sceneview:2.2.1] AndroidManifest.xml:12:9-41
31        android:required="true" />
31-->[io.github.sceneview:sceneview:2.2.1] AndroidManifest.xml:13:9-32
32
33    <permission
33-->[androidx.core:core:1.13.1] AndroidManifest.xml:22:5-24:47
34        android:name="com.decovision.app.DYNAMIC_RECEIVER_NOT_EXPORTED_PERMISSION"
34-->[androidx.core:core:1.13.1] AndroidManifest.xml:23:9-81
35        android:protectionLevel="signature" />
35-->[androidx.core:core:1.13.1] AndroidManifest.xml:24:9-44
36
37    <uses-permission android:name="com.decovision.app.DYNAMIC_RECEIVER_NOT_EXPORTED_PERMISSION" />
37-->[androidx.core:core:1.13.1] AndroidManifest.xml:26:5-97
37-->[androidx.core:core:1.13.1] AndroidManifest.xml:26:22-94
38
39    <queries>
39-->[com.google.ar:core:1.44.0] AndroidManifest.xml:20:5-27:15
40        <package android:name="com.google.ar.core" />
40-->[com.google.ar:core:1.44.0] AndroidManifest.xml:21:9-54
40-->[com.google.ar:core:1.44.0] AndroidManifest.xml:21:18-51
41        <package android:name="com.android.vending" />
41-->[com.google.ar:core:1.44.0] AndroidManifest.xml:22:9-55
41-->[com.google.ar:core:1.44.0] AndroidManifest.xml:22:18-52
42
43        <intent>
43-->[com.google.ar:core:1.44.0] AndroidManifest.xml:24:9-26:18
44            <action android:name="com.google.android.play.core.install.BIND_INSTALL_SERVICE" />
44-->[com.google.ar:core:1.44.0] AndroidManifest.xml:25:13-96
44-->[com.google.ar:core:1.44.0] AndroidManifest.xml:25:21-93
45        </intent>
46    </queries>
47
48    <application
48-->src\main\AndroidManifest.xml:21:5-45:19
49        android:name="com.decovision.app.DecoVisionApp"
49-->src\main\AndroidManifest.xml:22:9-38
50        android:allowBackup="true"
50-->src\main\AndroidManifest.xml:23:9-35
51        android:appComponentFactory="androidx.core.app.CoreComponentFactory"
51-->[androidx.core:core:1.13.1] AndroidManifest.xml:28:18-86
52        android:debuggable="true"
53        android:extractNativeLibs="true"
54        android:icon="@mipmap/ic_launcher"
54-->src\main\AndroidManifest.xml:24:9-43
55        android:label="@string/app_name"
55-->src\main\AndroidManifest.xml:25:9-41
56        android:requestLegacyExternalStorage="true"
56-->src\main\AndroidManifest.xml:26:9-52
57        android:roundIcon="@mipmap/ic_launcher_round"
57-->src\main\AndroidManifest.xml:27:9-54
58        android:supportsRtl="true"
58-->src\main\AndroidManifest.xml:28:9-35
59        android:testOnly="true"
60        android:theme="@style/Theme.DecoVision" >
60-->src\main\AndroidManifest.xml:29:9-48
61        <activity
61-->src\main\AndroidManifest.xml:31:9-39:20
62            android:name="com.decovision.app.MainActivity"
62-->src\main\AndroidManifest.xml:32:13-41
63            android:exported="true"
63-->src\main\AndroidManifest.xml:33:13-36
64            android:windowSoftInputMode="adjustResize" >
64-->src\main\AndroidManifest.xml:34:13-55
65            <intent-filter>
65-->src\main\AndroidManifest.xml:35:13-38:29
66                <action android:name="android.intent.action.MAIN" />
66-->src\main\AndroidManifest.xml:36:17-69
66-->src\main\AndroidManifest.xml:36:25-66
67
68                <category android:name="android.intent.category.LAUNCHER" />
68-->src\main\AndroidManifest.xml:37:17-77
68-->src\main\AndroidManifest.xml:37:27-74
69            </intent-filter>
70        </activity>
71
72        <meta-data
72-->src\main\AndroidManifest.xml:41:9-43:40
73            android:name="com.google.ar.core"
73-->src\main\AndroidManifest.xml:42:13-46
74            android:value="optional" />
74-->src\main\AndroidManifest.xml:43:13-37
75
76        <provider
76-->[androidx.emoji2:emoji2:1.3.0] AndroidManifest.xml:24:9-32:20
77            android:name="androidx.startup.InitializationProvider"
77-->[androidx.emoji2:emoji2:1.3.0] AndroidManifest.xml:25:13-67
78            android:authorities="com.decovision.app.androidx-startup"
78-->[androidx.emoji2:emoji2:1.3.0] AndroidManifest.xml:26:13-68
79            android:exported="false" >
79-->[androidx.emoji2:emoji2:1.3.0] AndroidManifest.xml:27:13-37
80            <meta-data
80-->[androidx.emoji2:emoji2:1.3.0] AndroidManifest.xml:29:13-31:52
81                android:name="androidx.emoji2.text.EmojiCompatInitializer"
81-->[androidx.emoji2:emoji2:1.3.0] AndroidManifest.xml:30:17-75
82                android:value="androidx.startup" />
82-->[androidx.emoji2:emoji2:1.3.0] AndroidManifest.xml:31:17-49
83            <meta-data
83-->[androidx.lifecycle:lifecycle-process:2.8.7] AndroidManifest.xml:29:13-31:52
84                android:name="androidx.lifecycle.ProcessLifecycleInitializer"
84-->[androidx.lifecycle:lifecycle-process:2.8.7] AndroidManifest.xml:30:17-78
85                android:value="androidx.startup" />
85-->[androidx.lifecycle:lifecycle-process:2.8.7] AndroidManifest.xml:31:17-49
86            <meta-data
86-->[androidx.profileinstaller:profileinstaller:1.4.0] AndroidManifest.xml:29:13-31:52
87                android:name="androidx.profileinstaller.ProfileInstallerInitializer"
87-->[androidx.profileinstaller:profileinstaller:1.4.0] AndroidManifest.xml:30:17-85
88                android:value="androidx.startup" />
88-->[androidx.profileinstaller:profileinstaller:1.4.0] AndroidManifest.xml:31:17-49
89        </provider>
90
91        <uses-library
91-->[androidx.window:window:1.0.0] AndroidManifest.xml:25:9-27:40
92            android:name="androidx.window.extensions"
92-->[androidx.window:window:1.0.0] AndroidManifest.xml:26:13-54
93            android:required="false" />
93-->[androidx.window:window:1.0.0] AndroidManifest.xml:27:13-37
94        <uses-library
94-->[androidx.window:window:1.0.0] AndroidManifest.xml:28:9-30:40
95            android:name="androidx.window.sidecar"
95-->[androidx.window:window:1.0.0] AndroidManifest.xml:29:13-51
96            android:required="false" />
96-->[androidx.window:window:1.0.0] AndroidManifest.xml:30:13-37
97
98        <service
98-->[androidx.room:room-runtime:2.6.1] AndroidManifest.xml:24:9-28:63
99            android:name="androidx.room.MultiInstanceInvalidationService"
99-->[androidx.room:room-runtime:2.6.1] AndroidManifest.xml:25:13-74
100            android:directBootAware="true"
100-->[androidx.room:room-runtime:2.6.1] AndroidManifest.xml:26:13-43
101            android:exported="false" /> <!-- The minimal version code of ARCore APK required for an app using this SDK. -->
101-->[androidx.room:room-runtime:2.6.1] AndroidManifest.xml:27:13-37
102        <meta-data
102-->[com.google.ar:core:1.44.0] AndroidManifest.xml:32:9-34:41
103            android:name="com.google.ar.core.min_apk_version"
103-->[com.google.ar:core:1.44.0] AndroidManifest.xml:33:13-62
104            android:value="240920000" /> <!-- This activity is critical for installing ARCore when it is not already present. -->
104-->[com.google.ar:core:1.44.0] AndroidManifest.xml:34:13-38
105        <activity
105-->[com.google.ar:core:1.44.0] AndroidManifest.xml:36:9-42:80
106            android:name="com.google.ar.core.InstallActivity"
106-->[com.google.ar:core:1.44.0] AndroidManifest.xml:37:13-62
107            android:configChanges="keyboardHidden|orientation|screenSize"
107-->[com.google.ar:core:1.44.0] AndroidManifest.xml:38:13-74
108            android:excludeFromRecents="true"
108-->[com.google.ar:core:1.44.0] AndroidManifest.xml:39:13-46
109            android:exported="false"
109-->[com.google.ar:core:1.44.0] AndroidManifest.xml:40:13-37
110            android:launchMode="singleTop"
110-->[com.google.ar:core:1.44.0] AndroidManifest.xml:41:13-43
111            android:theme="@android:style/Theme.Material.Light.Dialog.Alert" />
111-->[com.google.ar:core:1.44.0] AndroidManifest.xml:42:13-77
112
113        <receiver
113-->[androidx.profileinstaller:profileinstaller:1.4.0] AndroidManifest.xml:34:9-52:20
114            android:name="androidx.profileinstaller.ProfileInstallReceiver"
114-->[androidx.profileinstaller:profileinstaller:1.4.0] AndroidManifest.xml:35:13-76
115            android:directBootAware="false"
115-->[androidx.profileinstaller:profileinstaller:1.4.0] AndroidManifest.xml:36:13-44
116            android:enabled="true"
116-->[androidx.profileinstaller:profileinstaller:1.4.0] AndroidManifest.xml:37:13-35
117            android:exported="true"
117-->[androidx.profileinstaller:profileinstaller:1.4.0] AndroidManifest.xml:38:13-36
118            android:permission="android.permission.DUMP" >
118-->[androidx.profileinstaller:profileinstaller:1.4.0] AndroidManifest.xml:39:13-57
119            <intent-filter>
119-->[androidx.profileinstaller:profileinstaller:1.4.0] AndroidManifest.xml:40:13-42:29
120                <action android:name="androidx.profileinstaller.action.INSTALL_PROFILE" />
120-->[androidx.profileinstaller:profileinstaller:1.4.0] AndroidManifest.xml:41:17-91
120-->[androidx.profileinstaller:profileinstaller:1.4.0] AndroidManifest.xml:41:25-88
121            </intent-filter>
122            <intent-filter>
122-->[androidx.profileinstaller:profileinstaller:1.4.0] AndroidManifest.xml:43:13-45:29
123                <action android:name="androidx.profileinstaller.action.SKIP_FILE" />
123-->[androidx.profileinstaller:profileinstaller:1.4.0] AndroidManifest.xml:44:17-85
123-->[androidx.profileinstaller:profileinstaller:1.4.0] AndroidManifest.xml:44:25-82
124            </intent-filter>
125            <intent-filter>
125-->[androidx.profileinstaller:profileinstaller:1.4.0] AndroidManifest.xml:46:13-48:29
126                <action android:name="androidx.profileinstaller.action.SAVE_PROFILE" />
126-->[androidx.profileinstaller:profileinstaller:1.4.0] AndroidManifest.xml:47:17-88
126-->[androidx.profileinstaller:profileinstaller:1.4.0] AndroidManifest.xml:47:25-85
127            </intent-filter>
128            <intent-filter>
128-->[androidx.profileinstaller:profileinstaller:1.4.0] AndroidManifest.xml:49:13-51:29
129                <action android:name="androidx.profileinstaller.action.BENCHMARK_OPERATION" />
129-->[androidx.profileinstaller:profileinstaller:1.4.0] AndroidManifest.xml:50:17-95
129-->[androidx.profileinstaller:profileinstaller:1.4.0] AndroidManifest.xml:50:25-92
130            </intent-filter>
131        </receiver>
132    </application>
133
134</manifest>